# JRE version: OpenJDK Runtime Environment Corretto-17.0.10.7.1 (17.0.10+7) (build 17.0.10+7-LTS)
# Java VM: OpenJDK 64-Bit Server VM Corretto-17.0.10.7.1 (17.0.10+7-LTS, mixed mode, sharing, tiered, compressed oops, compressed class ptrs, parallel gc, windows-amd64)
GC Precious Log:
 CPUs: 8 total, 8 available
 Memory: 7998M
 Large Page Support: Disabled
 NUMA Support: Disabled
 Compressed Oops: Enabled (32-bit)
 Alignments: Space 512K, Generation 512K, Heap 2M
 Heap Min Capacity: 100M
 Heap Initial Capacity: 100M
 Heap Max Capacity: 1G
 Pre-touch: Disabled
 Parallel Workers: 8
Heap:
 PSYoungGen      total 15360K, used 5820K [0x00000000eab00000, 0x00000000ebe80000, 0x0000000100000000)
  eden space 12800K, 25% used [0x00000000eab00000,0x00000000eae30818,0x00000000eb780000)
  from space 2560K, 99% used [0x00000000ebb00000,0x00000000ebd7e900,0x00000000ebd80000)
  to   space 3584K, 0% used [0x00000000eb780000,0x00000000eb780000,0x00000000ebb00000)
 ParOldGen       total 184832K, used 146502K [0x00000000c0000000, 0x00000000cb480000, 0x00000000eab00000)
  object space 184832K, 79% used [0x00000000c0000000,0x00000000c8f11bb0,0x00000000cb480000)
 Metaspace       used 91889K, committed 93312K, reserved 1179648K
  class space    used 9139K, committed 9728K, reserved 1048576K
GC Heap History (20 events):
Event: 3902.995 GC heap before
{Heap before GC invocations=2533 (full 49):
 PSYoungGen      total 13824K, used 13120K [0x00000000eab00000, 0x00000000ebf00000, 0x0000000100000000)
  eden space 12800K, 100% used [0x00000000eab00000,0x00000000eb780000,0x00000000eb780000)
  from space 1024K, 31% used [0x00000000ebd00000,0x00000000ebd50000,0x00000000ebe00000)
  to   space 512K, 0% used [0x00000000ebe80000,0x00000000ebe80000,0x00000000ebf00000)
 ParOldGen       total 184832K, used 135132K [0x00000000c0000000, 0x00000000cb480000, 0x00000000eab00000)
  object space 184832K, 73% used [0x00000000c0000000,0x00000000c83f7390,0x00000000cb480000)
 Metaspace       used 91651K, committed 93056K, reserved 1179648K
  class space    used 9133K, committed 9728K, reserved 1048576K
}
Event: 3902.998 GC heap after
{Heap after GC invocations=2533 (full 49):
 PSYoungGen      total 13312K, used 490K [0x00000000eab00000, 0x00000000ebf00000, 0x0000000100000000)
  eden space 12800K, 0% used [0x00000000eab00000,0x00000000eab00000,0x00000000eb780000)
  from space 512K, 95% used [0x00000000ebe80000,0x00000000ebefa910,0x00000000ebf00000)
  to   space 1024K, 0% used [0x00000000ebd00000,0x00000000ebd00000,0x00000000ebe00000)
 ParOldGen       total 184832K, used 135380K [0x00000000c0000000, 0x00000000cb480000, 0x00000000eab00000)
  object space 184832K, 73% used [0x00000000c0000000,0x00000000c8435390,0x00000000cb480000)
 Metaspace       used 91651K, committed 93056K, reserved 1179648K
  class space    used 9133K, committed 9728K, reserved 1048576K
}
Event: 3903.146 GC heap before
{Heap before GC invocations=2534 (full 49):
 PSYoungGen      total 13312K, used 13277K [0x00000000eab00000, 0x00000000ebf00000, 0x0000000100000000)
  eden space 12800K, 99% used [0x00000000eab00000,0x00000000eb77ce60,0x00000000eb780000)
  from space 512K, 95% used [0x00000000ebe80000,0x00000000ebefa910,0x00000000ebf00000)
  to   space 1024K, 0% used [0x00000000ebd00000,0x00000000ebd00000,0x00000000ebe00000)
 ParOldGen       total 184832K, used 135380K [0x00000000c0000000, 0x00000000cb480000, 0x00000000eab00000)
  object space 184832K, 73% used [0x00000000c0000000,0x00000000c8435390,0x00000000cb480000)
 Metaspace       used 91684K, committed 93056K, reserved 1179648K
  class space    used 9133K, committed 9728K, reserved 1048576K
}
Event: 3903.149 GC heap after
{Heap after GC invocations=2534 (full 49):
 PSYoungGen      total 13824K, used 1003K [0x00000000eab00000, 0x00000000ebf00000, 0x0000000100000000)
  eden space 12800K, 0% used [0x00000000eab00000,0x00000000eab00000,0x00000000eb780000)
  from space 1024K, 97% used [0x00000000ebd00000,0x00000000ebdfacf0,0x00000000ebe00000)
  to   space 1024K, 0% used [0x00000000ebe00000,0x00000000ebe00000,0x00000000ebf00000)
 ParOldGen       total 184832K, used 136085K [0x00000000c0000000, 0x00000000cb480000, 0x00000000eab00000)
  object space 184832K, 73% used [0x00000000c0000000,0x00000000c84e5648,0x00000000cb480000)
 Metaspace       used 91684K, committed 93056K, reserved 1179648K
  class space    used 9133K, committed 9728K, reserved 1048576K
}
Event: 3903.377 GC heap before
{Heap before GC invocations=2535 (full 49):
 PSYoungGen      total 13824K, used 13803K [0x00000000eab00000, 0x00000000ebf00000, 0x0000000100000000)
  eden space 12800K, 100% used [0x00000000eab00000,0x00000000eb780000,0x00000000eb780000)
  from space 1024K, 97% used [0x00000000ebd00000,0x00000000ebdfacf0,0x00000000ebe00000)
  to   space 1024K, 0% used [0x00000000ebe00000,0x00000000ebe00000,0x00000000ebf00000)
 ParOldGen       total 184832K, used 136085K [0x00000000c0000000, 0x00000000cb480000, 0x00000000eab00000)
  object space 184832K, 73% used [0x00000000c0000000,0x00000000c84e5648,0x00000000cb480000)
 Metaspace       used 91684K, committed 93056K, reserved 1179648K
  class space    used 9133K, committed 9728K, reserved 1048576K
}
Event: 3903.380 GC heap after
{Heap after GC invocations=2535 (full 49):
 PSYoungGen      total 13312K, used 320K [0x00000000eab00000, 0x00000000ebe80000, 0x0000000100000000)
  eden space 12800K, 0% used [0x00000000eab00000,0x00000000eab00000,0x00000000eb780000)
  from space 512K, 62% used [0x00000000ebe00000,0x00000000ebe50000,0x00000000ebe80000)
  to   space 1024K, 0% used [0x00000000ebc80000,0x00000000ebc80000,0x00000000ebd80000)
 ParOldGen       total 184832K, used 136333K [0x00000000c0000000, 0x00000000cb480000, 0x00000000eab00000)
  object space 184832K, 73% used [0x00000000c0000000,0x00000000c8523648,0x00000000cb480000)
 Metaspace       used 91684K, committed 93056K, reserved 1179648K
  class space    used 9133K, committed 9728K, reserved 1048576K
}
Event: 3903.479 GC heap before
{Heap before GC invocations=2536 (full 49):
 PSYoungGen      total 13312K, used 12692K [0x00000000eab00000, 0x00000000ebe80000, 0x0000000100000000)
  eden space 12800K, 96% used [0x00000000eab00000,0x00000000eb715120,0x00000000eb780000)
  from space 512K, 62% used [0x00000000ebe00000,0x00000000ebe50000,0x00000000ebe80000)
  to   space 1024K, 0% used [0x00000000ebc80000,0x00000000ebc80000,0x00000000ebd80000)
 ParOldGen       total 184832K, used 136333K [0x00000000c0000000, 0x00000000cb480000, 0x00000000eab00000)
  object space 184832K, 73% used [0x00000000c0000000,0x00000000c8523648,0x00000000cb480000)
 Metaspace       used 91684K, committed 93056K, reserved 1179648K
  class space    used 9133K, committed 9728K, reserved 1048576K
}
Event: 3903.481 GC heap after
{Heap after GC invocations=2536 (full 49):
 PSYoungGen      total 13824K, used 384K [0x00000000eab00000, 0x00000000ebe80000, 0x0000000100000000)
  eden space 12800K, 0% used [0x00000000eab00000,0x00000000eab00000,0x00000000eb780000)
  from space 1024K, 37% used [0x00000000ebc80000,0x00000000ebce0000,0x00000000ebd80000)
  to   space 512K, 0% used [0x00000000ebe00000,0x00000000ebe00000,0x00000000ebe80000)
 ParOldGen       total 184832K, used 136333K [0x00000000c0000000, 0x00000000cb480000, 0x00000000eab00000)
  object space 184832K, 73% used [0x00000000c0000000,0x00000000c8523648,0x00000000cb480000)
 Metaspace       used 91684K, committed 93056K, reserved 1179648K
  class space    used 9133K, committed 9728K, reserved 1048576K
}
Event: 3903.620 GC heap before
{Heap before GC invocations=2537 (full 49):
 PSYoungGen      total 13824K, used 13184K [0x00000000eab00000, 0x00000000ebe80000, 0x0000000100000000)
  eden space 12800K, 100% used [0x00000000eab00000,0x00000000eb780000,0x00000000eb780000)
  from space 1024K, 37% used [0x00000000ebc80000,0x00000000ebce0000,0x00000000ebd80000)
  to   space 512K, 0% used [0x00000000ebe00000,0x00000000ebe00000,0x00000000ebe80000)
 ParOldGen       total 184832K, used 136333K [0x00000000c0000000, 0x00000000cb480000, 0x00000000eab00000)
  object space 184832K, 73% used [0x00000000c0000000,0x00000000c8523648,0x00000000cb480000)
 Metaspace       used 91684K, committed 93056K, reserved 1179648K
  class space    used 9133K, committed 9728K, reserved 1048576K
}
Event: 3903.624 GC heap after
{Heap after GC invocations=2537 (full 49):
 PSYoungGen      total 13312K, used 512K [0x00000000eab00000, 0x00000000ebe80000, 0x0000000100000000)
  eden space 12800K, 0% used [0x00000000eab00000,0x00000000eab00000,0x00000000eb780000)
  from space 512K, 100% used [0x00000000ebe00000,0x00000000ebe80000,0x00000000ebe80000)
  to   space 1536K, 0% used [0x00000000ebb80000,0x00000000ebb80000,0x00000000ebd00000)
 ParOldGen       total 184832K, used 136980K [0x00000000c0000000, 0x00000000cb480000, 0x00000000eab00000)
  object space 184832K, 74% used [0x00000000c0000000,0x00000000c85c5358,0x00000000cb480000)
 Metaspace       used 91684K, committed 93056K, reserved 1179648K
  class space    used 9133K, committed 9728K, reserved 1048576K
}
Event: 3904.616 GC heap before
{Heap before GC invocations=2538 (full 49):
 PSYoungGen      total 13312K, used 13312K [0x00000000eab00000, 0x00000000ebe80000, 0x0000000100000000)
  eden space 12800K, 100% used [0x00000000eab00000,0x00000000eb780000,0x00000000eb780000)
  from space 512K, 100% used [0x00000000ebe00000,0x00000000ebe80000,0x00000000ebe80000)
  to   space 1536K, 0% used [0x00000000ebb80000,0x00000000ebb80000,0x00000000ebd00000)
 ParOldGen       total 184832K, used 136980K [0x00000000c0000000, 0x00000000cb480000, 0x00000000eab00000)
  object space 184832K, 74% used [0x00000000c0000000,0x00000000c85c5358,0x00000000cb480000)
 Metaspace       used 91798K, committed 93184K, reserved 1179648K
  class space    used 9139K, committed 9728K, reserved 1048576K
}
Event: 3904.621 GC heap after
{Heap after GC invocations=2538 (full 49):
 PSYoungGen      total 14336K, used 1524K [0x00000000eab00000, 0x00000000ebe80000, 0x0000000100000000)
  eden space 12800K, 0% used [0x00000000eab00000,0x00000000eab00000,0x00000000eb780000)
  from space 1536K, 99% used [0x00000000ebb80000,0x00000000ebcfd200,0x00000000ebd00000)
  to   space 1536K, 0% used [0x00000000ebd00000,0x00000000ebd00000,0x00000000ebe80000)
 ParOldGen       total 184832K, used 137196K [0x00000000c0000000, 0x00000000cb480000, 0x00000000eab00000)
  object space 184832K, 74% used [0x00000000c0000000,0x00000000c85fb368,0x00000000cb480000)
 Metaspace       used 91798K, committed 93184K, reserved 1179648K
  class space    used 9139K, committed 9728K, reserved 1048576K
}
Event: 3904.857 GC heap before
{Heap before GC invocations=2539 (full 49):
 PSYoungGen      total 14336K, used 14324K [0x00000000eab00000, 0x00000000ebe80000, 0x0000000100000000)
  eden space 12800K, 100% used [0x00000000eab00000,0x00000000eb780000,0x00000000eb780000)
  from space 1536K, 99% used [0x00000000ebb80000,0x00000000ebcfd200,0x00000000ebd00000)
  to   space 1536K, 0% used [0x00000000ebd00000,0x00000000ebd00000,0x00000000ebe80000)
 ParOldGen       total 184832K, used 137196K [0x00000000c0000000, 0x00000000cb480000, 0x00000000eab00000)
  object space 184832K, 74% used [0x00000000c0000000,0x00000000c85fb368,0x00000000cb480000)
 Metaspace       used 91799K, committed 93184K, reserved 1179648K
  class space    used 9139K, committed 9728K, reserved 1048576K
}
Event: 3904.862 GC heap after
{Heap after GC invocations=2539 (full 49):
 PSYoungGen      total 14336K, used 1508K [0x00000000eab00000, 0x00000000ebe80000, 0x0000000100000000)
  eden space 12800K, 0% used [0x00000000eab00000,0x00000000eab00000,0x00000000eb780000)
  from space 1536K, 98% used [0x00000000ebd00000,0x00000000ebe79210,0x00000000ebe80000)
  to   space 3584K, 0% used [0x00000000eb780000,0x00000000eb780000,0x00000000ebb00000)
 ParOldGen       total 184832K, used 138682K [0x00000000c0000000, 0x00000000cb480000, 0x00000000eab00000)
  object space 184832K, 75% used [0x00000000c0000000,0x00000000c876ebb8,0x00000000cb480000)
 Metaspace       used 91799K, committed 93184K, reserved 1179648K
  class space    used 9139K, committed 9728K, reserved 1048576K
}
Event: 3905.242 GC heap before
{Heap before GC invocations=2540 (full 49):
 PSYoungGen      total 14336K, used 14308K [0x00000000eab00000, 0x00000000ebe80000, 0x0000000100000000)
  eden space 12800K, 100% used [0x00000000eab00000,0x00000000eb780000,0x00000000eb780000)
  from space 1536K, 98% used [0x00000000ebd00000,0x00000000ebe79210,0x00000000ebe80000)
  to   space 3584K, 0% used [0x00000000eb780000,0x00000000eb780000,0x00000000ebb00000)
 ParOldGen       total 184832K, used 138682K [0x00000000c0000000, 0x00000000cb480000, 0x00000000eab00000)
  object space 184832K, 75% used [0x00000000c0000000,0x00000000c876ebb8,0x00000000cb480000)
 Metaspace       used 91843K, committed 93248K, reserved 1179648K
  class space    used 9139K, committed 9728K, reserved 1048576K
}
Event: 3905.247 GC heap after
{Heap after GC invocations=2540 (full 49):
 PSYoungGen      total 16384K, used 1540K [0x00000000eab00000, 0x00000000ebd80000, 0x0000000100000000)
  eden space 12800K, 0% used [0x00000000eab00000,0x00000000eab00000,0x00000000eb780000)
  from space 3584K, 42% used [0x00000000eb780000,0x00000000eb901210,0x00000000ebb00000)
  to   space 2560K, 0% used [0x00000000ebb00000,0x00000000ebb00000,0x00000000ebd80000)
 ParOldGen       total 184832K, used 140101K [0x00000000c0000000, 0x00000000cb480000, 0x00000000eab00000)
  object space 184832K, 75% used [0x00000000c0000000,0x00000000c88d1418,0x00000000cb480000)
 Metaspace       used 91843K, committed 93248K, reserved 1179648K
  class space    used 9139K, committed 9728K, reserved 1048576K
}
Event: 3905.592 GC heap before
{Heap before GC invocations=2541 (full 49):
 PSYoungGen      total 16384K, used 14340K [0x00000000eab00000, 0x00000000ebd80000, 0x0000000100000000)
  eden space 12800K, 100% used [0x00000000eab00000,0x00000000eb780000,0x00000000eb780000)
  from space 3584K, 42% used [0x00000000eb780000,0x00000000eb901210,0x00000000ebb00000)
  to   space 2560K, 0% used [0x00000000ebb00000,0x00000000ebb00000,0x00000000ebd80000)
 ParOldGen       total 184832K, used 140101K [0x00000000c0000000, 0x00000000cb480000, 0x00000000eab00000)
  object space 184832K, 75% used [0x00000000c0000000,0x00000000c88d1418,0x00000000cb480000)
 Metaspace       used 91873K, committed 93248K, reserved 1179648K
  class space    used 9139K, committed 9728K, reserved 1048576K
}
Event: 3905.596 GC heap after
{Heap after GC invocations=2541 (full 49):
 PSYoungGen      total 15360K, used 2549K [0x00000000eab00000, 0x00000000ebe80000, 0x0000000100000000)
  eden space 12800K, 0% used [0x00000000eab00000,0x00000000eab00000,0x00000000eb780000)
  from space 2560K, 99% used [0x00000000ebb00000,0x00000000ebd7d420,0x00000000ebd80000)
  to   space 3584K, 0% used [0x00000000eb780000,0x00000000eb780000,0x00000000ebb00000)
 ParOldGen       total 184832K, used 140733K [0x00000000c0000000, 0x00000000cb480000, 0x00000000eab00000)
  object space 184832K, 76% used [0x00000000c0000000,0x00000000c896f638,0x00000000cb480000)
 Metaspace       used 91873K, committed 93248K, reserved 1179648K
  class space    used 9139K, committed 9728K, reserved 1048576K
}
Event: 3905.723 GC heap before
{Heap before GC invocations=2542 (full 49):
 PSYoungGen      total 15360K, used 15349K [0x00000000eab00000, 0x00000000ebe80000, 0x0000000100000000)
  eden space 12800K, 100% used [0x00000000eab00000,0x00000000eb780000,0x00000000eb780000)
  from space 2560K, 99% used [0x00000000ebb00000,0x00000000ebd7d420,0x00000000ebd80000)
  to   space 3584K, 0% used [0x00000000eb780000,0x00000000eb780000,0x00000000ebb00000)
 ParOldGen       total 184832K, used 140733K [0x00000000c0000000, 0x00000000cb480000, 0x00000000eab00000)
  object space 184832K, 76% used [0x00000000c0000000,0x00000000c896f638,0x00000000cb480000)
 Metaspace       used 91875K, committed 93248K, reserved 1179648K
  class space    used 9139K, committed 9728K, reserved 1048576K
}
Event: 3905.730 GC heap after
{Heap after GC invocations=2542 (full 49):
 PSYoungGen      total 16384K, used 3572K [0x00000000eab00000, 0x00000000ebe80000, 0x0000000100000000)
  eden space 12800K, 0% used [0x00000000eab00000,0x00000000eab00000,0x00000000eb780000)
  from space 3584K, 99% used [0x00000000eb780000,0x00000000ebafd000,0x00000000ebb00000)
  to   space 2560K, 0% used [0x00000000ebb00000,0x00000000ebb00000,0x00000000ebd80000)
 ParOldGen       total 184832K, used 142410K [0x00000000c0000000, 0x00000000cb480000, 0x00000000eab00000)
  object space 184832K, 77% used [0x00000000c0000000,0x00000000c8b12848,0x00000000cb480000)
 Metaspace       used 91875K, committed 93248K, reserved 1179648K
  class space    used 9139K, committed 9728K, reserved 1048576K
}

