# JRE version: OpenJDK Runtime Environment Corretto-17.0.10.7.1 (17.0.10+7) (build 17.0.10+7-LTS)
# Java VM: OpenJDK 64-Bit Server VM Corretto-17.0.10.7.1 (17.0.10+7-LTS, mixed mode, emulated-client, sharing, tiered, compressed oops, compressed class ptrs, g1 gc, windows-amd64)
GC Precious Log:
 CPUs: 8 total, 8 available
 Memory: 7998M
 Large Page Support: Disabled
 NUMA Support: Disabled
 Compressed Oops: Enabled (32-bit)
 Heap Region Size: 1M
 Heap Min Capacity: 8M
 Heap Initial Capacity: 126M
 Heap Max Capacity: 2000M
 Pre-touch: Disabled
 Parallel Workers: 8
 Concurrent Workers: 2
 Concurrent Refinement Workers: 8
 Periodic GC: Disabled
Heap:
 garbage-first heap   total 51200K, used 29068K [0x0000000083000000, 0x0000000100000000)
  region size 1024K, 16 young (16384K), 3 survivors (3072K)
 Metaspace       used 28056K, committed 29440K, reserved 1114112K
  class space    used 3931K, committed 4416K, reserved 1048576K
GC Heap History (20 events):
Event: 2000.737 GC heap before
{Heap before GC invocations=53 (full 23):
 garbage-first heap   total 51200K, used 38235K [0x0000000083000000, 0x0000000100000000)
  region size 1024K, 23 young (23552K), 0 survivors (0K)
 Metaspace       used 29732K, committed 30528K, reserved 1114112K
  class space    used 4236K, committed 4608K, reserved 1048576K
}
Event: 2000.740 GC heap after
{Heap after GC invocations=54 (full 23):
 garbage-first heap   total 51200K, used 16865K [0x0000000083000000, 0x0000000100000000)
  region size 1024K, 3 young (3072K), 3 survivors (3072K)
 Metaspace       used 29732K, committed 30528K, reserved 1114112K
  class space    used 4236K, committed 4608K, reserved 1048576K
}
Event: 2413.521 GC heap before
{Heap before GC invocations=54 (full 23):
 garbage-first heap   total 51200K, used 38369K [0x0000000083000000, 0x0000000100000000)
  region size 1024K, 24 young (24576K), 3 survivors (3072K)
 Metaspace       used 29751K, committed 30528K, reserved 1114112K
  class space    used 4239K, committed 4608K, reserved 1048576K
}
Event: 2413.535 GC heap after
{Heap after GC invocations=55 (full 23):
 garbage-first heap   total 51200K, used 17185K [0x0000000083000000, 0x0000000100000000)
  region size 1024K, 1 young (1024K), 1 survivors (1024K)
 Metaspace       used 29751K, committed 30528K, reserved 1114112K
  class space    used 4239K, committed 4608K, reserved 1048576K
}
Event: 2430.796 GC heap before
{Heap before GC invocations=55 (full 23):
 garbage-first heap   total 51200K, used 18209K [0x0000000083000000, 0x0000000100000000)
  region size 1024K, 3 young (3072K), 1 survivors (1024K)
 Metaspace       used 29754K, committed 30528K, reserved 1114112K
  class space    used 4239K, committed 4608K, reserved 1048576K
}
Event: 2430.893 GC heap after
{Heap after GC invocations=56 (full 24):
 garbage-first heap   total 51200K, used 12821K [0x0000000083000000, 0x0000000100000000)
  region size 1024K, 0 young (0K), 0 survivors (0K)
 Metaspace       used 28312K, committed 29888K, reserved 1114112K
  class space    used 3993K, committed 4544K, reserved 1048576K
}
Event: 2431.441 GC heap before
{Heap before GC invocations=56 (full 24):
 garbage-first heap   total 51200K, used 37397K [0x0000000083000000, 0x0000000100000000)
  region size 1024K, 24 young (24576K), 0 survivors (0K)
 Metaspace       used 28335K, committed 29888K, reserved 1114112K
  class space    used 3997K, committed 4544K, reserved 1048576K
}
Event: 2431.448 GC heap after
{Heap after GC invocations=57 (full 24):
 garbage-first heap   total 51200K, used 15424K [0x0000000083000000, 0x0000000100000000)
  region size 1024K, 3 young (3072K), 3 survivors (3072K)
 Metaspace       used 28335K, committed 29888K, reserved 1114112K
  class space    used 3997K, committed 4544K, reserved 1048576K
}
Event: 2436.398 GC heap before
{Heap before GC invocations=57 (full 24):
 garbage-first heap   total 51200K, used 25664K [0x0000000083000000, 0x0000000100000000)
  region size 1024K, 14 young (14336K), 3 survivors (3072K)
 Metaspace       used 28338K, committed 29888K, reserved 1114112K
  class space    used 3998K, committed 4544K, reserved 1048576K
}
Event: 2436.452 GC heap after
{Heap after GC invocations=58 (full 25):
 garbage-first heap   total 51200K, used 14415K [0x0000000083000000, 0x0000000100000000)
  region size 1024K, 0 young (0K), 0 survivors (0K)
 Metaspace       used 28335K, committed 29824K, reserved 1114112K
  class space    used 3997K, committed 4544K, reserved 1048576K
}
Event: 2436.874 GC heap before
{Heap before GC invocations=58 (full 25):
 garbage-first heap   total 51200K, used 37967K [0x0000000083000000, 0x0000000100000000)
  region size 1024K, 23 young (23552K), 0 survivors (0K)
 Metaspace       used 28393K, committed 29824K, reserved 1114112K
  class space    used 4008K, committed 4544K, reserved 1048576K
}
Event: 2436.879 GC heap after
{Heap after GC invocations=59 (full 25):
 garbage-first heap   total 51200K, used 16678K [0x0000000083000000, 0x0000000100000000)
  region size 1024K, 3 young (3072K), 3 survivors (3072K)
 Metaspace       used 28393K, committed 29824K, reserved 1114112K
  class space    used 4008K, committed 4544K, reserved 1048576K
}
Event: 2455.073 GC heap before
{Heap before GC invocations=59 (full 25):
 garbage-first heap   total 51200K, used 28966K [0x0000000083000000, 0x0000000100000000)
  region size 1024K, 16 young (16384K), 3 survivors (3072K)
 Metaspace       used 28415K, committed 29824K, reserved 1114112K
  class space    used 4011K, committed 4544K, reserved 1048576K
}
Event: 2455.129 GC heap after
{Heap after GC invocations=60 (full 26):
 garbage-first heap   total 51200K, used 14391K [0x0000000083000000, 0x0000000100000000)
  region size 1024K, 0 young (0K), 0 survivors (0K)
 Metaspace       used 27873K, committed 29440K, reserved 1114112K
  class space    used 3901K, committed 4416K, reserved 1048576K
}
Event: 2455.460 GC heap before
{Heap before GC invocations=60 (full 26):
 garbage-first heap   total 51200K, used 37943K [0x0000000083000000, 0x0000000100000000)
  region size 1024K, 23 young (23552K), 0 survivors (0K)
 Metaspace       used 27931K, committed 29440K, reserved 1114112K
  class space    used 3911K, committed 4416K, reserved 1048576K
}
Event: 2455.463 GC heap after
{Heap after GC invocations=61 (full 26):
 garbage-first heap   total 51200K, used 16649K [0x0000000083000000, 0x0000000100000000)
  region size 1024K, 3 young (3072K), 3 survivors (3072K)
 Metaspace       used 27931K, committed 29440K, reserved 1114112K
  class space    used 3911K, committed 4416K, reserved 1048576K
}
Event: 2470.519 GC heap before
{Heap before GC invocations=61 (full 26):
 garbage-first heap   total 51200K, used 28937K [0x0000000083000000, 0x0000000100000000)
  region size 1024K, 16 young (16384K), 3 survivors (3072K)
 Metaspace       used 27953K, committed 29440K, reserved 1114112K
  class space    used 3914K, committed 4416K, reserved 1048576K
}
Event: 2470.566 GC heap after
{Heap after GC invocations=62 (full 27):
 garbage-first heap   total 51200K, used 14457K [0x0000000083000000, 0x0000000100000000)
  region size 1024K, 0 young (0K), 0 survivors (0K)
 Metaspace       used 27950K, committed 29440K, reserved 1114112K
  class space    used 3914K, committed 4416K, reserved 1048576K
}
Event: 2470.976 GC heap before
{Heap before GC invocations=62 (full 27):
 garbage-first heap   total 51200K, used 38009K [0x0000000083000000, 0x0000000100000000)
  region size 1024K, 23 young (23552K), 0 survivors (0K)
 Metaspace       used 28024K, committed 29440K, reserved 1114112K
  class space    used 3927K, committed 4416K, reserved 1048576K
}
Event: 2470.980 GC heap after
{Heap after GC invocations=63 (full 27):
 garbage-first heap   total 51200K, used 16780K [0x0000000083000000, 0x0000000100000000)
  region size 1024K, 3 young (3072K), 3 survivors (3072K)
 Metaspace       used 28024K, committed 29440K, reserved 1114112K
  class space    used 3927K, committed 4416K, reserved 1048576K
}

